<?xml version="1.0" encoding="UTF-8"?>
<!-- Generated by org.testng.reporters.JUnitReportReporter -->
<testsuite skipped="0" hostname="Acer" name="com.teste.validacao.CT04RemoverProdutosCarrinhoCompras" tests="1" failures="0" timestamp="2022-09-13T08:07:21 BRT" time="12.268" errors="0">
  <testcase name="testCT04RemoverProdutosCarrinhoCompras" time="12.268" classname="com.teste.validacao.CT04RemoverProdutosCarrinhoCompras"/>
  <system-out/>
</testsuite> <!-- com.teste.validacao.CT04RemoverProdutosCarrinhoCompras -->
