<?xml version="1.0" encoding="UTF-8"?>
<!-- Generated by org.testng.reporters.JUnitReportReporter -->
<testsuite skipped="0" hostname="Acer" name="com.teste.validacao.CT01ValidarLayout" tests="1" failures="0" timestamp="2022-09-13T06:25:53 BRT" time="10.955" errors="0">
  <testcase name="testCT01ValidarLayout" time="10.955" classname="com.teste.validacao.CT01ValidarLayout"/>
  <system-out/>
</testsuite> <!-- com.teste.validacao.CT01ValidarLayout -->
