<?xml version="1.0" encoding="UTF-8"?>
<!-- Generated by org.testng.reporters.JUnitReportReporter -->
<testsuite skipped="0" hostname="Acer" name="com.teste.validacao.CT02ValidarAlteracaoCorProdutoCarrinho" tests="1" failures="0" timestamp="2022-09-13T08:07:21 BRT" time="10.510" errors="0">
  <testcase name="testCT02ValidarAlteracaoCorProdutoCarrinho" time="10.510" classname="com.teste.validacao.CT02ValidarAlteracaoCorProdutoCarrinho"/>
  <system-out/>
</testsuite> <!-- com.teste.validacao.CT02ValidarAlteracaoCorProdutoCarrinho -->
